# JRE version: OpenJDK Runtime Environment Temurin-17.0.8.1+1 (17.0.8.1+1) (build 17.0.8.1+1)
# Java VM: OpenJDK 64-Bit Server VM Temurin-17.0.8.1+1 (17.0.8.1+1, mixed mode, emulated-client, tiered, compressed oops, compressed class ptrs, g1 gc, windows-amd64)
GC Precious Log:
 CPUs: 8 total, 8 available
 Memory: 7997M
 Large Page Support: Disabled
 NUMA Support: Disabled
 Compressed Oops: Enabled (32-bit)
 Heap Region Size: 1M
 Heap Min Capacity: 8M
 Heap Initial Capacity: 126M
 Heap Max Capacity: 1G
 Pre-touch: Disabled
 Parallel Workers: 8
 Concurrent Workers: 2
 Concurrent Refinement Workers: 8
 Periodic GC: Disabled
Heap:
 garbage-first heap   total 109568K, used 32137K [0x00000000c0000000, 0x0000000100000000)
  region size 1024K, 1 young (1024K), 0 survivors (0K)
 Metaspace       used 57125K, committed 57600K, reserved 1114112K
  class space    used 7346K, committed 7552K, reserved 1048576K
GC Heap History (20 events):
Event: 436.424 GC heap before
{Heap before GC invocations=40 (full 13):
 garbage-first heap   total 109568K, used 31732K [0x00000000c0000000, 0x0000000100000000)
  region size 1024K, 1 young (1024K), 0 survivors (0K)
 Metaspace       used 56995K, committed 57536K, reserved 1114112K
  class space    used 7324K, committed 7552K, reserved 1048576K
}
Event: 436.457 GC heap after
{Heap after GC invocations=41 (full 14):
 garbage-first heap   total 109568K, used 31732K [0x00000000c0000000, 0x0000000100000000)
  region size 1024K, 0 young (0K), 0 survivors (0K)
 Metaspace       used 56995K, committed 57536K, reserved 1114112K
  class space    used 7324K, committed 7552K, reserved 1048576K
}
Event: 446.574 GC heap before
{Heap before GC invocations=41 (full 14):
 garbage-first heap   total 109568K, used 31732K [0x00000000c0000000, 0x0000000100000000)
  region size 1024K, 1 young (1024K), 0 survivors (0K)
 Metaspace       used 56995K, committed 57536K, reserved 1114112K
  class space    used 7324K, committed 7552K, reserved 1048576K
}
Event: 446.603 GC heap after
{Heap after GC invocations=42 (full 15):
 garbage-first heap   total 109568K, used 31732K [0x00000000c0000000, 0x0000000100000000)
  region size 1024K, 0 young (0K), 0 survivors (0K)
 Metaspace       used 56995K, committed 57536K, reserved 1114112K
  class space    used 7324K, committed 7552K, reserved 1048576K
}
Event: 526.815 GC heap before
{Heap before GC invocations=42 (full 15):
 garbage-first heap   total 109568K, used 87028K [0x00000000c0000000, 0x0000000100000000)
  region size 1024K, 48 young (49152K), 0 survivors (0K)
 Metaspace       used 57150K, committed 57600K, reserved 1114112K
  class space    used 7352K, committed 7552K, reserved 1048576K
}
Event: 526.854 GC heap after
{Heap after GC invocations=43 (full 16):
 garbage-first heap   total 109568K, used 32212K [0x00000000c0000000, 0x0000000100000000)
  region size 1024K, 0 young (0K), 0 survivors (0K)
 Metaspace       used 57150K, committed 57600K, reserved 1114112K
  class space    used 7352K, committed 7552K, reserved 1048576K
}
Event: 536.970 GC heap before
{Heap before GC invocations=43 (full 16):
 garbage-first heap   total 109568K, used 32212K [0x00000000c0000000, 0x0000000100000000)
  region size 1024K, 1 young (1024K), 0 survivors (0K)
 Metaspace       used 57150K, committed 57600K, reserved 1114112K
  class space    used 7352K, committed 7552K, reserved 1048576K
}
Event: 537.009 GC heap after
{Heap after GC invocations=44 (full 17):
 garbage-first heap   total 109568K, used 32139K [0x00000000c0000000, 0x0000000100000000)
  region size 1024K, 0 young (0K), 0 survivors (0K)
 Metaspace       used 57125K, committed 57600K, reserved 1114112K
  class space    used 7346K, committed 7552K, reserved 1048576K
}
Event: 577.325 GC heap before
{Heap before GC invocations=44 (full 17):
 garbage-first heap   total 109568K, used 32139K [0x00000000c0000000, 0x0000000100000000)
  region size 1024K, 1 young (1024K), 0 survivors (0K)
 Metaspace       used 57125K, committed 57600K, reserved 1114112K
  class space    used 7346K, committed 7552K, reserved 1048576K
}
Event: 577.391 GC heap after
{Heap after GC invocations=45 (full 18):
 garbage-first heap   total 109568K, used 32139K [0x00000000c0000000, 0x0000000100000000)
  region size 1024K, 0 young (0K), 0 survivors (0K)
 Metaspace       used 57125K, committed 57600K, reserved 1114112K
  class space    used 7346K, committed 7552K, reserved 1048576K
}
Event: 588.300 GC heap before
{Heap before GC invocations=45 (full 18):
 garbage-first heap   total 109568K, used 32139K [0x00000000c0000000, 0x0000000100000000)
  region size 1024K, 1 young (1024K), 0 survivors (0K)
 Metaspace       used 57125K, committed 57600K, reserved 1114112K
  class space    used 7346K, committed 7552K, reserved 1048576K
}
Event: 588.361 GC heap after
{Heap after GC invocations=46 (full 19):
 garbage-first heap   total 109568K, used 32139K [0x00000000c0000000, 0x0000000100000000)
  region size 1024K, 0 young (0K), 0 survivors (0K)
 Metaspace       used 57125K, committed 57600K, reserved 1114112K
  class space    used 7346K, committed 7552K, reserved 1048576K
}
Event: 598.677 GC heap before
{Heap before GC invocations=46 (full 19):
 garbage-first heap   total 109568K, used 32139K [0x00000000c0000000, 0x0000000100000000)
  region size 1024K, 1 young (1024K), 0 survivors (0K)
 Metaspace       used 57125K, committed 57600K, reserved 1114112K
  class space    used 7346K, committed 7552K, reserved 1048576K
}
Event: 598.736 GC heap after
{Heap after GC invocations=47 (full 20):
 garbage-first heap   total 109568K, used 32139K [0x00000000c0000000, 0x0000000100000000)
  region size 1024K, 0 young (0K), 0 survivors (0K)
 Metaspace       used 57125K, committed 57600K, reserved 1114112K
  class space    used 7346K, committed 7552K, reserved 1048576K
}
Event: 608.986 GC heap before
{Heap before GC invocations=47 (full 20):
 garbage-first heap   total 109568K, used 32139K [0x00000000c0000000, 0x0000000100000000)
  region size 1024K, 1 young (1024K), 0 survivors (0K)
 Metaspace       used 57125K, committed 57600K, reserved 1114112K
  class space    used 7346K, committed 7552K, reserved 1048576K
}
Event: 609.044 GC heap after
{Heap after GC invocations=48 (full 21):
 garbage-first heap   total 109568K, used 32136K [0x00000000c0000000, 0x0000000100000000)
  region size 1024K, 0 young (0K), 0 survivors (0K)
 Metaspace       used 57125K, committed 57600K, reserved 1114112K
  class space    used 7346K, committed 7552K, reserved 1048576K
}
Event: 619.172 GC heap before
{Heap before GC invocations=48 (full 21):
 garbage-first heap   total 109568K, used 32136K [0x00000000c0000000, 0x0000000100000000)
  region size 1024K, 1 young (1024K), 0 survivors (0K)
 Metaspace       used 57125K, committed 57600K, reserved 1114112K
  class space    used 7346K, committed 7552K, reserved 1048576K
}
Event: 619.203 GC heap after
{Heap after GC invocations=49 (full 22):
 garbage-first heap   total 109568K, used 32136K [0x00000000c0000000, 0x0000000100000000)
  region size 1024K, 0 young (0K), 0 survivors (0K)
 Metaspace       used 57125K, committed 57600K, reserved 1114112K
  class space    used 7346K, committed 7552K, reserved 1048576K
}
Event: 629.263 GC heap before
{Heap before GC invocations=49 (full 22):
 garbage-first heap   total 109568K, used 32136K [0x00000000c0000000, 0x0000000100000000)
  region size 1024K, 1 young (1024K), 0 survivors (0K)
 Metaspace       used 57125K, committed 57600K, reserved 1114112K
  class space    used 7346K, committed 7552K, reserved 1048576K
}
Event: 629.336 GC heap after
{Heap after GC invocations=50 (full 23):
 garbage-first heap   total 109568K, used 32137K [0x00000000c0000000, 0x0000000100000000)
  region size 1024K, 0 young (0K), 0 survivors (0K)
 Metaspace       used 57125K, committed 57600K, reserved 1114112K
  class space    used 7346K, committed 7552K, reserved 1048576K
}

